c:\users\fangxm\source\repos\fireflygpu\fireflygpu\x64\debug\vc141.pdb
c:\users\fangxm\source\repos\fireflygpu\fireflygpu\x64\debug\vc141.idb
c:\users\fangxm\source\repos\fireflygpu\fireflygpu\x64\debug\test.obj
c:\users\fangxm\source\repos\fireflygpu\fireflygpu\x64\debug\matrix4x4.obj
c:\users\fangxm\source\repos\fireflygpu\fireflygpu\x64\debug\matrix3x3.obj
c:\users\fangxm\source\repos\fireflygpu\fireflygpu\x64\debug\matrix.obj
c:\users\fangxm\source\repos\fireflygpu\bin\win64\debug\fireflygpu.lib
c:\users\fangxm\source\repos\fireflygpu\bin\win64\debug\fireflygpu.exp
c:\users\fangxm\source\repos\fireflygpu\bin\win64\debug\fireflygpu.ilk
c:\users\fangxm\source\repos\fireflygpu\bin\win64\debug\fireflygpu.exe
c:\users\fangxm\source\repos\fireflygpu\bin\win64\debug\fireflygpu.pdb
c:\users\fangxm\source\repos\fireflygpu\fireflygpu\x64\debug\main.cu.cache
c:\users\fangxm\source\repos\fireflygpu\fireflygpu\x64\debug\main.cu.obj
c:\users\fangxm\source\repos\fireflygpu\fireflygpu\../bin/win64/debug/fireflygpu.exe
c:\users\fangxm\source\repos\fireflygpu\fireflygpu\x64\debug\fireflygpu.tlog\cl.command.1.tlog
c:\users\fangxm\source\repos\fireflygpu\fireflygpu\x64\debug\fireflygpu.tlog\cl.read.1.tlog
c:\users\fangxm\source\repos\fireflygpu\fireflygpu\x64\debug\fireflygpu.tlog\cl.write.1.tlog
c:\users\fangxm\source\repos\fireflygpu\fireflygpu\x64\debug\fireflygpu.tlog\fireflygpu.write.1u.tlog
c:\users\fangxm\source\repos\fireflygpu\fireflygpu\x64\debug\fireflygpu.tlog\link.command.1.tlog
c:\users\fangxm\source\repos\fireflygpu\fireflygpu\x64\debug\fireflygpu.tlog\link.read.1.tlog
c:\users\fangxm\source\repos\fireflygpu\fireflygpu\x64\debug\fireflygpu.tlog\link.write.1.tlog
